2023-11-01 10:03:01.282  INFO 72465 --- [main] nl.hanze.newgameserver.Main              : Starting Main on Gustavos-MacBook-Pro.local with PID 72465 (/Users/gustavocostaaraujo/Documents/College/2ᵉ Jaar/Intelligente systemen I & II/Project Intelligente Systemen I & II/carioca/GameServer/newgameserver-1.0.jar started by gustavocostaaraujo in /Users/gustavocostaaraujo/Documents/College/2ᵉ Jaar/Intelligente systemen I & II/Project Intelligente Systemen I & II/carioca)
2023-11-01 10:03:01.301  INFO 72465 --- [main] nl.hanze.newgameserver.Main              : No active profile set, falling back to default profiles: default
2023-11-01 10:03:03.198  INFO 72465 --- [main] o.s.b.w.embedded.tomcat.TomcatWebServer  : Tomcat initialized with port(s): 8081 (http)
2023-11-01 10:03:03.220  INFO 72465 --- [main] o.apache.catalina.core.StandardService   : Starting service [Tomcat]
2023-11-01 10:03:03.221  INFO 72465 --- [main] org.apache.catalina.core.StandardEngine  : Starting Servlet engine: [Apache Tomcat/9.0.39]
2023-11-01 10:03:03.354  INFO 72465 --- [main] o.a.c.c.C.[Tomcat].[localhost].[/]       : Initializing Spring embedded WebApplicationContext
2023-11-01 10:03:03.355  INFO 72465 --- [main] w.s.c.ServletWebServerApplicationContext : Root WebApplicationContext: initialization completed in 1943 ms
2023-11-01 10:03:03.554  INFO 72465 --- [main] o.s.s.concurrent.ThreadPoolTaskExecutor  : Initializing ExecutorService 'clientInboundChannelExecutor'
2023-11-01 10:03:03.557  INFO 72465 --- [main] o.s.s.concurrent.ThreadPoolTaskExecutor  : Initializing ExecutorService 'clientOutboundChannelExecutor'
2023-11-01 10:03:03.602  INFO 72465 --- [main] o.s.s.c.ThreadPoolTaskScheduler          : Initializing ExecutorService 'messageBrokerTaskScheduler'
2023-11-01 10:03:03.689  INFO 72465 --- [main] o.s.s.concurrent.ThreadPoolTaskExecutor  : Initializing ExecutorService 'brokerChannelExecutor'
2023-11-01 10:03:04.019  INFO 72465 --- [main] o.s.b.a.w.s.WelcomePageHandlerMapping    : Adding welcome page: class path resource [public/index.html]
2023-11-01 10:03:04.152  INFO 72465 --- [main] o.s.b.w.embedded.tomcat.TomcatWebServer  : Tomcat started on port(s): 8081 (http) with context path ''
2023-11-01 10:03:04.153  INFO 72465 --- [main] o.s.m.s.b.SimpleBrokerMessageHandler     : Starting...
2023-11-01 10:03:04.154  INFO 72465 --- [main] o.s.m.s.b.SimpleBrokerMessageHandler     : BrokerAvailabilityEvent[available=true, SimpleBrokerMessageHandler [DefaultSubscriptionRegistry[cache[0 destination(s)], registry[0 sessions]]]]
2023-11-01 10:03:04.154  INFO 72465 --- [main] o.s.m.s.b.SimpleBrokerMessageHandler     : Started.
2023-11-01 10:03:04.168  INFO 72465 --- [main] nl.hanze.newgameserver.Main              : Started Main in 3.624 seconds (JVM running for 4.508)
2023-11-01 10:03:04.175  INFO 72465 --- [main] main                                     : gameserver is now listening on port 7789
2023-11-01 10:03:08.147  INFO 72465 --- [http-nio-8081-exec-1] o.a.c.c.C.[Tomcat].[localhost].[/]       : Initializing Spring DispatcherServlet 'dispatcherServlet'
2023-11-01 10:03:08.149  INFO 72465 --- [http-nio-8081-exec-1] o.s.web.servlet.DispatcherServlet        : Initializing Servlet 'dispatcherServlet'
2023-11-01 10:03:08.168  INFO 72465 --- [http-nio-8081-exec-1] o.s.web.servlet.DispatcherServlet        : Completed initialization in 19 ms
2023-11-01 10:04:03.688  INFO 72465 --- [MessageBroker-4] o.s.w.s.c.WebSocketMessageBrokerStats    : WebSocketSession[2 current WS(2)-HttpStream(0)-HttpPoll(0), 2 total, 0 closed abnormally (0 connect failure, 0 send limit, 0 transport error)], stompSubProtocol[processed CONNECT(2)-CONNECTED(2)-DISCONNECT(0)], stompBrokerRelay[null], inboundChannel[pool size = 16, active threads = 0, queued tasks = 0, completed tasks = 78], outboundChannel[pool size = 2, active threads = 0, queued tasks = 0, completed tasks = 2], sockJsScheduler[pool size = 8, active threads = 1, queued tasks = 3, completed tasks = 14]
2023-11-01 10:04:32.317  INFO 72465 --- [main] main                                     : new client connected from /127.0.0.1:57000
2023-11-01 10:04:32.340  WARN 72465 --- [Thread-3] client-thread <not logged in>            : Server exception: Connection reset, disconnecting client
2023-11-01 10:15:42.890  INFO 72465 --- [SpringContextShutdownHook] o.s.m.s.b.SimpleBrokerMessageHandler     : Stopping...
2023-11-01 10:15:42.892  INFO 72465 --- [SpringContextShutdownHook] o.s.m.s.b.SimpleBrokerMessageHandler     : BrokerAvailabilityEvent[available=false, SimpleBrokerMessageHandler [DefaultSubscriptionRegistry[cache[0 destination(s)], registry[0 sessions]]]]
2023-11-01 10:15:42.892  INFO 72465 --- [SpringContextShutdownHook] o.s.m.s.b.SimpleBrokerMessageHandler     : Stopped.
2023-11-01 10:15:42.971  INFO 72465 --- [SpringContextShutdownHook] o.s.s.concurrent.ThreadPoolTaskExecutor  : Shutting down ExecutorService 'brokerChannelExecutor'
2023-11-01 10:15:42.971  INFO 72465 --- [SpringContextShutdownHook] o.s.s.c.ThreadPoolTaskScheduler          : Shutting down ExecutorService 'messageBrokerTaskScheduler'
2023-11-01 10:15:42.972  INFO 72465 --- [SpringContextShutdownHook] o.s.s.concurrent.ThreadPoolTaskExecutor  : Shutting down ExecutorService 'clientOutboundChannelExecutor'
2023-11-01 10:15:42.973  INFO 72465 --- [SpringContextShutdownHook] o.s.s.concurrent.ThreadPoolTaskExecutor  : Shutting down ExecutorService 'clientInboundChannelExecutor'
